<?xml version="1.0" encoding="UTF-8"?>
<!-- Generated by org.testng.reporters.JUnitReportReporter -->
<testsuite hostname="DESKTOP-9B6R09C" failures="0" tests="1" name="Project.ProjectShwapno.shwapno" time="98.094" errors="0" timestamp="11 Feb 2021 17:40:03 GMT" skipped="0">
  <testcase classname="Project.ProjectShwapno.shwapno" name="chooseLocation" time="98.094"/>
</testsuite> <!-- Project.ProjectShwapno.shwapno -->
